<?xml version="1.0" encoding="UTF-8"?>
<testsuite xmlns:xsi="http://www.w3.org/2001/XMLSchema-instance" xsi:noNamespaceSchemaLocation="https://maven.apache.org/surefire/maven-surefire-plugin/xsd/surefire-test-report.xsd" version="3.0.2" name="by.java.InterviewsApi.InterviewsApiApplicationTests" time="1.549" tests="1" errors="0" skipped="0" failures="0">
  <properties>
[...]
</properties>
  <testcase name="contextLoads" classname="by.java.InterviewsApi.InterviewsApiApplicationTests" time="0.599">
    <system-out><![CDATA[14:38:44.750 [main] INFO org.springframework.test.context.support.AnnotationConfigContextLoaderUtils -- Could not detect default configuration classes for test class [by.java.InterviewsApi.InterviewsApiApplicationTests]: InterviewsApiApplicationTests does not declare any static, non-private, non-final, nested classes annotated with @Configuration.
14:38:44.836 [main] INFO org.springframework.boot.test.context.SpringBootTestContextBootstrapper -- Found @SpringBootConfiguration by.java.InterviewsApi.InterviewsApiApplication for test class by.java.InterviewsApi.InterviewsApiApplicationTests

  .   ____          _            __ _ _
 /\\ / ___'_ __ _ _(_)_ __  __ _ \ \ \ \
( ( )\___ | '_ | '_| | '_ \/ _` | \ \ \ \
 \\/  ___)| |_)| | | | | || (_| |  ) ) ) )
  '  |____| .__|_| |_|_| |_\__, | / / / /
 =========|_|==============|___/=/_/_/_/

 :: Spring Boot ::                (v3.4.2)

2025-01-25T14:38:45.174+03:00  INFO 7772 --- [InterviewsApi] [           main] b.j.I.InterviewsApiApplicationTests      : Starting InterviewsApiApplicationTests using Java 21.0.6 with PID 7772 (started by wesp4 in C:\petprojects\InterviewsApi)
2025-01-25T14:38:45.175+03:00  INFO 7772 --- [InterviewsApi] [           main] b.j.I.InterviewsApiApplicationTests      : No active profile set, falling back to 1 default profile: "default"
2025-01-25T14:38:45.553+03:00  INFO 7772 --- [InterviewsApi] [           main] b.j.I.InterviewsApiApplicationTests      : Started InterviewsApiApplicationTests in 0.611 seconds (process running for 1.484)
]]></system-out>
    <system-err><![CDATA[Mockito is currently self-attaching to enable the inline-mock-maker. This will no longer work in future releases of the JDK. Please add Mockito as an agent to your build what is described in Mockito's documentation: https://javadoc.io/doc/org.mockito/mockito-core/latest/org/mockito/Mockito.html#0.3
WARNING: A Java agent has been loaded dynamically (C:\Users\wesp4\.m2\repository\net\bytebuddy\byte-buddy-agent\1.15.11\byte-buddy-agent-1.15.11.jar)
WARNING: If a serviceability tool is in use, please run with -XX:+EnableDynamicAgentLoading to hide this warning
WARNING: If a serviceability tool is not in use, please run with -Djdk.instrument.traceUsage for more information
WARNING: Dynamic loading of agents will be disallowed by default in a future release
]]></system-err>
  </testcase>
</testsuite>